0001_0010_0010_0060_0060.jpg 1 10 10 60 60
0002_0011_0031_0042_0042.jpg 1 11 31 42 42
0003_0019_0011_0051_0051.jpg 1 19 11 51 51
0004_0013_0006_0058_0058.jpg 1 13 6 58 58
0005_0013_0027_0050_0050.jpg 1 13 27 50 50
0006_0025_0031_0058_0058.jpg 1 25 31 58 58
0007_0040_0018_0040_0040.jpg 1 40 18 40 40
0008_0011_0022_0058_0058.jpg 1 11 22 58 58
0009_0046_0034_0038_0038.jpg 1 46 34 38 38
0010_0018_0042_0032_0032.jpg 1 18 42 32 32
0011_0020_0020_0043_0043.jpg 1 20 20 43 43
0012_0021_0036_0039_0039.jpg 1 21 36 39 39
0013_0012_0020_0058_0058.jpg 1 12 20 58 58
0014_0017_0024_0060_0060.jpg 1 17 24 60 60
0015_0013_0027_0065_0065.jpg 1 13 27 65 65
0016_0008_0018_0043_0043.jpg 1 8 18 43 43
0017_0023_0015_0026_0026.jpg 1 23 15 26 26
0018_0019_0033_0025_0025.jpg 1 19 33 25 25
0019_0017_0044_0042_0042.jpg 1 17 44 42 42
0020_0056_0032_0025_0025.jpg 1 56 32 25 25
0021_0049_0031_0033_0033.jpg 1 49 31 33 33
0022_0038_0035_0046_0046.jpg 1 38 35 46 46
0023_0019_0008_0058_0058.jpg 1 19 8 58 58
0024_0031_0016_0036_0036.jpg 1 31 16 36 36
0025_0015_0006_0059_0059.jpg 1 15 6 59 59
0026_0028_0004_0053_0053.jpg 1 28 4 53 53
0027_0029_0026_0030_0030.jpg 1 29 26 30 30
0028_0020_0018_0024_0024.jpg 1 20 18 24 24
0029_0032_0006_0051_0051.jpg 1 32 6 51 51
0030_0017_0049_0034_0034.jpg 1 17 49 34 34
0031_0009_0016_0061_0061.jpg 1 9 16 61 61
0032_0029_0034_0035_0035.jpg 1 29 34 35 35
0033_0029_0027_0039_0039.jpg 1 29 27 39 39
0034_0016_0009_0054_0054.jpg 1 16 9 54 54
0035_0051_0032_0029_0029.jpg 1 51 32 29 29
0036_0029_0006_0053_0053.jpg 1 29 6 53 53
0037_0030_0014_0056_0056.jpg 1 30 14 56 56
0038_0019_0028_0058_0058.jpg 1 19 28 58 58
0039_0006_0014_0042_0042.jpg 1 6 14 42 42
0040_0028_0033_0053_0053.jpg 1 28 33 53 53
0041_0025_0015_0067_0067.jpg 1 25 15 67 67
0042_0014_0017_0048_0048.jpg 1 14 17 48 48
0043_0026_0040_0027_0027.jpg 1 26 40 27 27
0044_0012_0030_0058_0058.jpg 1 12 30 58 58
0045_0035_0025_0054_0054.jpg 1 35 25 54 54
0046_0023_0023_0068_0068.jpg 1 23 23 68 68
0047_0010_0023_0062_0062.jpg 1 10 23 62 62
0048_0041_0052_0029_0029.jpg 1 41 52 29 29
0049_0009_0017_0045_0045.jpg 1 9 17 45 45
0050_0016_0018_0069_0069.jpg 1 16 18 69 69
0051_0036_0040_0040_0040.jpg 1 36 40 40 40
0052_0017_0033_0052_0052.jpg 1 17 33 52 52
0053_0018_0026_0064_0064.jpg 1 18 26 64 64
0054_0033_0020_0033_0033.jpg 1 33 20 33 33
0055_0023_0021_0040_0040.jpg 1 23 21 40 40
0056_0005_0014_0068_0068.jpg 1 5 14 68 68
0057_0016_0006_0041_0041.jpg 1 16 6 41 41
0058_0020_0023_0042_0042.jpg 1 20 23 42 42
0059_0029_0015_0042_0042.jpg 1 29 15 42 42
0060_0029_0015_0036_0036.jpg 1 29 15 36 36
0061_0025_0009_0065_0065.jpg 1 25 9 65 65
0062_0021_0019_0069_0069.jpg 1 21 19 69 69
0063_0039_0027_0044_0044.jpg 1 39 27 44 44
0064_0014_0043_0033_0033.jpg 1 14 43 33 33
0065_0010_0026_0050_0050.jpg 1 10 26 50 50
0066_0014_0029_0027_0027.jpg 1 14 29 27 27
0067_0022_0049_0024_0024.jpg 1 22 49 24 24
0068_0049_0029_0030_0030.jpg 1 49 29 30 30
0069_0009_0036_0048_0048.jpg 1 9 36 48 48
0070_0016_0024_0054_0054.jpg 1 16 24 54 54
0071_0034_0014_0036_0036.jpg 1 34 14 36 36
0072_0007_0031_0031_0031.jpg 1 7 31 31 31
0073_0024_0024_0068_0068.jpg 1 24 24 68 68
0074_0048_0016_0031_0031.jpg 1 48 16 31 31
0075_0031_0024_0040_0040.jpg 1 31 24 40 40
0076_0032_0020_0047_0047.jpg 1 32 20 47 47
0077_0011_0008_0048_0048.jpg 1 11 8 48 48
0078_0015_0014_0069_0069.jpg 1 15 14 69 69
0079_0029_0017_0029_0029.jpg 1 29 17 29 29
0080_0043_0027_0045_0045.jpg 1 43 27 45 45
0081_0025_0015_0042_0042.jpg 1 25 15 42 42
0082_0010_0018_0054_0054.jpg 1 10 18 54 54
0083_0014_0025_0065_0065.jpg 1 14 25 65 65
0084_0046_0039_0029_0029.jpg 1 46 39 29 29
0085_0015_0008_0032_0032.jpg 1 15 8 32 32
0086_0026_0013_0065_0065.jpg 1 26 13 65 65
0087_0017_0023_0061_0061.jpg 1 17 23 61 61
0088_0024_0036_0034_0034.jpg 1 24 36 34 34
0089_0018_0026_0056_0056.jpg 1 18 26 56 56
0090_0012_0036_0053_0053.jpg 1 12 36 53 53
0091_0029_0014_0028_0028.jpg 1 29 14 28 28
0092_0019_0008_0058_0058.jpg 1 19 8 58 58
0093_0019_0006_0066_0066.jpg 1 19 6 66 66
0094_0039_0053_0033_0033.jpg 1 39 53 33 33
0095_0008_0019_0051_0051.jpg 1 8 19 51 51
0096_0023_0020_0056_0056.jpg 1 23 20 56 56
0097_0038_0013_0036_0036.jpg 1 38 13 36 36
0098_0003_0018_0069_0069.jpg 1 3 18 69 69
0099_0016_0025_0052_0052.jpg 1 16 25 52 52
0100_0013_0016_0044_0044.jpg 1 13 16 44 44
0101_0027_0039_0033_0033.jpg 1 27 39 33 33
0102_0025_0014_0059_0059.jpg 1 25 14 59 59
0103_0013_0031_0059_0059.jpg 1 13 31 59 59
0104_0010_0016_0069_0069.jpg 1 10 16 69 69
0105_0014_0017_0026_0026.jpg 1 14 17 26 26
0106_0026_0010_0027_0027.jpg 1 26 10 27 27
0107_0011_0020_0068_0068.jpg 1 11 20 68 68
0108_0039_0026_0037_0037.jpg 1 39 26 37 37
0109_0026_0025_0059_0059.jpg 1 26 25 59 59
0110_0047_0020_0032_0032.jpg 1 47 20 32 32
0111_0037_0034_0029_0029.jpg 1 37 34 29 29
0112_0006_0008_0049_0049.jpg 1 6 8 49 49
0113_0022_0032_0049_0049.jpg 1 22 32 49 49
0114_0014_0032_0027_0027.jpg 1 14 32 27 27
0115_0023_0027_0055_0055.jpg 1 23 27 55 55
0116_0021_0015_0061_0061.jpg 1 21 15 61 61
0117_0023_0014_0050_0050.jpg 1 23 14 50 50
0118_0030_0029_0043_0043.jpg 1 30 29 43 43
0119_0024_0011_0060_0060.jpg 1 24 11 60 60
0120_0013_0024_0055_0055.jpg 1 13 24 55 55
0121_0053_0016_0026_0026.jpg 1 53 16 26 26
0122_0035_0033_0040_0040.jpg 1 35 33 40 40
0123_0008_0006_0058_0058.jpg 1 8 6 58 58
0124_0013_0009_0058_0058.jpg 1 13 9 58 58
0125_0028_0045_0035_0035.jpg 1 28 45 35 35
0126_0024_0008_0069_0069.jpg 1 24 8 69 69
0127_0015_0029_0057_0057.jpg 1 15 29 57 57
0128_0007_0013_0029_0029.jpg 1 7 13 29 29
0129_0031_0054_0024_0024.jpg 1 31 54 24 24
0130_0043_0013_0041_0041.jpg 1 43 13 41 41
